{
 "playlist": {
  "name": Rachify
  "total tracks": 93
  "tracks": [
   {"name": Uróboros, "author": Al Otoño Espero - En Directo },
   {"name": Jose Andrea y Local 9, "author": Sólo puedo anidar en tí },
   {"name": Mägo de Oz, "author": Hechizos, pócimas y brujería },
   {"name": Mägo de Oz, "author": Te guardo un beso - Por si lo quieres },
   {"name": Mägo de Oz, "author": El hombre de la mirada triste },
   {"name": Mägo de Oz, "author": In memorian - 15/4/83 - 25/4/10 },
   {"name": Mägo de Oz, "author": Epílogo },
   {"name": Mägo de Oz, "author": Dies irae },
   {"name": Mägo de Oz, "author": Sueños dormidos },
   {"name": Mägo de Oz, "author": Resacosix en la barra- Adaptacion del tema 39 de Queen },
   {"name": Mägo de Oz, "author": El Cantar De La Luna Oscura (Directo) },
   {"name": Mägo de Oz, "author": La Rosa De Los Vientos },
   {"name": Mägo de Oz, "author": Más Que Una Intencion },
   {"name": Mägo de Oz, "author": La Leyenda De La Llorona },
   {"name": Mägo de Oz, "author": La Venganza De Gaia },
   {"name": Mägo de Oz, "author": Duerme },
   {"name": Mägo de Oz, "author": Jesús de Chamberí },
   {"name": Mägo de Oz, "author": Cadaveria },
   {"name": Mägo de Oz, "author": Gimme!, Gimme!, Gimme! - Maqueta },
   {"name": Mägo de Oz, "author": El Lago },
   {"name": Saurom, "author": Aquel Paseo Sin Retorno },
   {"name": Saurom, "author": Cambia el Mundo (Live) },
   {"name": Saurom, "author": El Hada & La Luna (Live) },
   {"name": Saurom, "author": Sueños Perdidos (Live) },
   {"name": Saurom, "author": Íntimos Recuerdos },
   {"name": Saurom, "author": Para Siempre },
   {"name": Saurom, "author": El Cristal },
   {"name": Saurom, "author": Romance De La Luna, Luna },
   {"name": Saurom, "author": Estrella Sin Luz },
   {"name": Saurom, "author": El Joven Poeta },
   {"name": Steel Panther, "author": Ten Strikes You're Out },
   {"name": Steel Panther, "author": Why Can't You Trust Me },
   {"name": Steel Panther, "author": Community Property },
   {"name": Steel Panther, "author": Girl From Oklahoma },
   {"name": Dragonfly, "author": El Peso del Mundo },
   {"name": Dragonfly, "author": Canto de Sirena },
   {"name": Dragonfly, "author": Tu Luz, Mi Destino },
   {"name": Dragonfly, "author": Infierno },
   {"name": Dragonfly, "author": Media Vida },
   {"name": Dragonfly, "author": Recuerdos },
   {"name": Celtian, "author": Folk'n'Oz },
   {"name": Neomenia, "author": Adios Dulcinea },
   {"name": Gwendal, "author": Steren },
   {"name": Gwendal, "author": Jackson Morning },
   {"name": AmigOz, "author": Soy Lo Que Buscas },
   {"name": AmigOz, "author": Silencio de Muertos },
   {"name": AmigOz, "author": Cuando Amanezca },
   {"name": AmigOz, "author": Si Te Vas },
   {"name": Avenged Sevenfold, "author": Seize the Day },
   {"name": Datarock, "author": Amarillion },
   {"name": Admiral Fallow, "author": Squealing Pigs },
   {"name": Bürdel King, "author": La luna en ti },
   {"name": Bürdel King, "author": 665 - El vecino del diablo },
   {"name": Caskärrabias, "author": No Te Voy a Olvidar },
   {"name": Caskärrabias, "author": El Viejo y el Mar },
   {"name": Caskärrabias, "author": Como Vas },
   {"name": Caskärrabias, "author": Layla },
   {"name": Caskärrabias, "author": Madrid },
   {"name": Celtas Cortos, "author": Suelto el lastre },
   {"name": Celtas Cortos, "author": Pajarico },
   {"name": Celtas Cortos, "author": Lluvia En Soledad },
   {"name": Celtas Cortos, "author": Republica De Sanjes },
   {"name": Celtas Cortos, "author": Calida Trinchera },
   {"name": Celtas Cortos, "author": Skaparate Nacional },
   {"name": Celtas Cortos, "author": Irlandalusí },
   {"name": Celtas Cortos, "author": Si No Me Veo No Me Creo },
   {"name": Celtas Cortos, "author": Tragame Tierra - Directo },
   {"name": The Dandy Warhols, "author": Bohemian Like You },
   {"name": Rogue Wave, "author": Permalight },
   {"name": The Bravery, "author": I Am Your Skin },
   {"name": Mägo de Oz, "author": Donde El Corazón Te Lleve },
   {"name": Lándevir, "author": Buscando el Paraíso },
   {"name": Lándevir, "author": El Espíritu del Viento },
   {"name": Lándevir, "author": Magia },
   {"name": Lándevir, "author": Versos Perdidos },
   {"name": Lándevir, "author": Noches Celtas },
   {"name": Lándevir, "author": Amor Prohibido (2016) },
   {"name": Paddy And The Rats, "author": Ghost From The Barrow },
   {"name": Paddy And The Rats, "author": Castaway },
   {"name": Paddy And The Rats, "author": Where Red Paints the Ocean },
   {"name": Paddy And The Rats, "author": Lonely Hearts' Boulevard },
   {"name": Paddy And The Rats, "author": Sleeping with the Winter },
   {"name": Paddy And The Rats, "author": Captain of My Soul },
   {"name": Paddy And The Rats, "author": Blue Eyes },
   {"name": Paddy And The Rats, "author": Without You - I Don't Wanna Dance },
   {"name": Paddy And The Rats, "author": Clock Strikes Midnight },
   {"name": Rainbow, "author": The Temple Of The King },
   {"name": Mägo de Oz, "author": Aun amanece gratis },
   {"name": Caskärrabias, "author": Buenas Noches },
   {"name": Uróboros, "author": Allá Donde Estés Tú - Bonus Track },
   {"name": The Fratellis, "author": Down The Road And Back… Again… },
   {"name": Saurom, "author": Traiciona a Tus Idolos },
   {"name": Okkervil River, "author": Lost Coastlines },
   null
  ]
 }
 "playlist": {
  "name": Descubrimientos
  "total tracks": 0
  "tracks": [
   null
  ]
 }
 "playlist": {
  "name": Colaboraciones Jose 
  "total tracks": 5
  "tracks": [
   {"name": Xava Drago, "author": Manos Arriba },
   {"name": Rabia Perez, "author": Un Simple Error },
   {"name": Jose Andrea, "author": La Canción De Los Deseos },
   {"name": Jose Andrea, "author": A Cubazos },
   {"name": Local 9, "author": Sólo Puedo Anidar En Ti (Chino) [feat. José Ändrea] },
   null
  ]
 }
 "playlist": {
  "name": escuchar
  "total tracks": 7
  "tracks": [
   {"name": Pierce The Veil, "author": King For A Day },
   {"name": Bring Me The Horizon, "author": Throne },
   {"name": Bring Me The Horizon, "author": Sleepwalking },
   {"name": Egon Soda, "author": Escápula },
   {"name": Dubioza kolektiv, "author": Boom! },
   {"name": MGMT, "author": Kids },
   {"name": MGMT, "author": Electric Feel },
   null
  ]
 }
 "playlist": {
  "name": A tocar
  "total tracks": 1
  "tracks": [
   {"name": Lepoka, "author": Yo controlo },
   null
  ]
 }
 "playlist": {
  "name": Saurom Mix
  "total tracks": 46
  "tracks": [
   {"name": Saurom, "author": El Pozo de Arán },
   {"name": Saurom, "author": Cosmos },
   {"name": Saurom, "author": Paz (Las Caricias del Alma) },
   {"name": Saurom, "author": El Carnaval del Diablo (Las Caricias del Alma) },
   {"name": Saurom, "author": Músico de Calle (Las Caricias del Alma) },
   {"name": Saurom, "author": La Isla de los Hombres Solos (Las Caricias del Alma) },
   {"name": Saurom, "author": El Elixir (Las Caricias del Alma) },
   {"name": Saurom, "author": ¡Vive! (Las Caricias del Alma) },
   {"name": Saurom, "author": Soñando Contigo (Las Caricias del Alma) },
   {"name": Saurom, "author": El Reino de las Hadas (Las Caricias del Alma) },
   {"name": Saurom, "author": El Círculo Juglar (La Partitura Secreta) },
   {"name": Saurom, "author": Náufrago (La Partitura Secreta) },
   {"name": Saurom, "author": Memorias de un Héroe (La Partitura Secreta) },
   {"name": Saurom, "author": Bella Luna (La Partitura Secreta) },
   {"name": Saurom, "author": Pintor de Suspiros (La Partitura Secreta) },
   {"name": Saurom, "author": ¡Por Fin Viernes! (La Partitura Secreta) },
   {"name": Saurom, "author": Rosa Negra (La Partitura Secreta) },
   {"name": Saurom, "author": La Mujer Dormida (La Leyenda de Popocatépetl & Iztaccíhuatl) [La Partitura Secreta] },
   {"name": Saurom, "author": La Musa y el Espíritu (Sueños) [La Partitura Secreta] [Bonus Track] },
   {"name": Saurom, "author": Noche De Halloween },
   {"name": Saurom, "author": Magia },
   {"name": Saurom, "author": Íntimos Recuerdos },
   {"name": Saurom, "author": Mírame },
   {"name": Saurom, "author": Vida },
   {"name": Saurom, "author": Irae Dei },
   {"name": Saurom, "author": Traiciona a Tus Idolos },
   {"name": Saurom, "author": Mentiras De Seda Pulcra },
   {"name": Saurom, "author": Para Siempre },
   {"name": Saurom, "author": Aquel Paseo Sin Retorno },
   {"name": Saurom, "author": Traiciona a Tus Idolos (Acustico) },
   {"name": Saurom, "author": Romance De La Luna, Luna },
   {"name": Saurom, "author": El Monte De Las Ánimas },
   {"name": Saurom, "author": Cambia el Mundo (Live) },
   {"name": Saurom, "author": La Batalla Con los Cueros de Vino (Live) },
   {"name": Saurom, "author": Memorias de un Héroe (Live) },
   {"name": Saurom, "author": Soñando Contigo (Live) },
   {"name": Saurom, "author": Fiesta (Live) },
   {"name": Saurom, "author": La Taberna (Live) },
   {"name": Saurom, "author": Nostradamus },
   {"name": Saurom, "author": La Casa de los Espejos },
   {"name": Saurom, "author": El Luthier },
   {"name": Saurom, "author": El Joven Poeta },
   {"name": Saurom, "author": Historias del Juglar },
   {"name": Saurom, "author": El Saltimbanqui },
   {"name": Saurom, "author": El Flautista },
   {"name": Steel Panther, "author": Party Like Tomorrow is the End of the World },
   null
  ]
 }
}
